2016-04-09 21:14:30,888 WARN org.apache.hadoop.util.NativeCodeLoader: Unable to load native-hadoop library for your platform... using builtin-java classes where applicable
2016-04-09 21:14:31,396 INFO org.apache.hadoop.conf.Configuration.deprecation: session.id is deprecated. Instead, use dfs.metrics.session-id
2016-04-09 21:14:31,397 INFO org.apache.hadoop.metrics.jvm.JvmMetrics: Initializing JVM Metrics with processName=JobTracker, sessionId=
2016-04-09 21:14:31,503 INFO org.apache.hadoop.metrics.jvm.JvmMetrics: Cannot initialize JVM Metrics with processName=JobTracker, sessionId= - already initialized
2016-04-09 21:14:32,162 WARN org.apache.hadoop.mapreduce.JobSubmitter: Hadoop command-line option parsing not performed. Implement the Tool interface and execute your application with ToolRunner to remedy this.
2016-04-09 21:14:32,175 WARN org.apache.hadoop.mapreduce.JobSubmitter: No job jar file set.  User classes may not be found. See Job or Job#setJar(String).
2016-04-09 21:14:32,254 INFO org.apache.hadoop.mapred.FileInputFormat: Total input paths to process : 1
2016-04-09 21:14:32,316 INFO org.apache.hadoop.mapreduce.JobSubmitter: number of splits:1
2016-04-09 21:14:32,651 INFO org.apache.hadoop.mapreduce.JobSubmitter: Submitting tokens for job: job_local1711445346_0001
2016-04-09 21:14:32,901 WARN org.apache.hadoop.conf.Configuration: file:/tmp/hadoop-cloudera/mapred/staging/cloudera1711445346/.staging/job_local1711445346_0001/job.xml:an attempt to override final parameter: mapreduce.job.end-notification.max.retry.interval;  Ignoring.
2016-04-09 21:14:32,945 WARN org.apache.hadoop.conf.Configuration: file:/tmp/hadoop-cloudera/mapred/staging/cloudera1711445346/.staging/job_local1711445346_0001/job.xml:an attempt to override final parameter: mapreduce.job.end-notification.max.attempts;  Ignoring.
2016-04-09 21:14:33,582 WARN org.apache.hadoop.conf.Configuration: file:/tmp/hadoop-cloudera/mapred/local/localRunner/cloudera/job_local1711445346_0001/job_local1711445346_0001.xml:an attempt to override final parameter: mapreduce.job.end-notification.max.retry.interval;  Ignoring.
2016-04-09 21:14:33,610 WARN org.apache.hadoop.conf.Configuration: file:/tmp/hadoop-cloudera/mapred/local/localRunner/cloudera/job_local1711445346_0001/job_local1711445346_0001.xml:an attempt to override final parameter: mapreduce.job.end-notification.max.attempts;  Ignoring.
2016-04-09 21:14:33,643 INFO org.apache.hadoop.mapreduce.Job: The url to track the job: http://localhost:8080/
2016-04-09 21:14:33,650 INFO org.apache.hadoop.mapred.LocalJobRunner: OutputCommitter set in config null
2016-04-09 21:14:33,652 INFO org.apache.hadoop.mapred.LocalJobRunner: OutputCommitter is org.apache.hadoop.mapred.FileOutputCommitter
2016-04-09 21:14:33,652 INFO org.apache.hadoop.mapreduce.Job: Running job: job_local1711445346_0001
2016-04-09 21:14:33,816 INFO org.apache.hadoop.mapred.LocalJobRunner: Waiting for map tasks
2016-04-09 21:14:33,832 INFO org.apache.hadoop.mapred.LocalJobRunner: Starting task: attempt_local1711445346_0001_m_000000_0
2016-04-09 21:14:33,961 INFO org.apache.hadoop.mapred.Task:  Using ResourceCalculatorProcessTree : [ ]
2016-04-09 21:14:33,986 INFO org.apache.hadoop.mapred.MapTask: Processing split: file:/home/cloudera/helloWorld:0+79
2016-04-09 21:14:33,993 INFO org.apache.hadoop.mapred.MapTask: numReduceTasks: 1
2016-04-09 21:14:34,047 INFO org.apache.hadoop.mapred.MapTask: Map output collector class = org.apache.hadoop.mapred.MapTask$MapOutputBuffer
2016-04-09 21:14:34,297 INFO org.apache.hadoop.mapred.MapTask: (EQUATOR) 0 kvi 26214396(104857584)
2016-04-09 21:14:34,297 INFO org.apache.hadoop.mapred.MapTask: mapreduce.task.io.sort.mb: 100
2016-04-09 21:14:34,297 INFO org.apache.hadoop.mapred.MapTask: soft limit at 83886080
2016-04-09 21:14:34,297 INFO org.apache.hadoop.mapred.MapTask: bufstart = 0; bufvoid = 104857600
2016-04-09 21:14:34,297 INFO org.apache.hadoop.mapred.MapTask: kvstart = 26214396; length = 6553600
2016-04-09 21:14:34,341 INFO org.apache.hadoop.mapred.LocalJobRunner: 
2016-04-09 21:14:34,341 INFO org.apache.hadoop.mapred.MapTask: Starting flush of map output
2016-04-09 21:14:34,341 INFO org.apache.hadoop.mapred.MapTask: Spilling map output
2016-04-09 21:14:34,342 INFO org.apache.hadoop.mapred.MapTask: bufstart = 0; bufend = 143; bufvoid = 104857600
2016-04-09 21:14:34,342 INFO org.apache.hadoop.mapred.MapTask: kvstart = 26214396(104857584); kvend = 26214336(104857344); length = 61/6553600
2016-04-09 21:14:34,394 INFO org.apache.hadoop.mapred.MapTask: Finished spill 0
2016-04-09 21:14:34,449 INFO org.apache.hadoop.mapred.Task: Task:attempt_local1711445346_0001_m_000000_0 is done. And is in the process of committing
2016-04-09 21:14:34,487 INFO org.apache.hadoop.mapred.LocalJobRunner: file:/home/cloudera/helloWorld:0+79
2016-04-09 21:14:34,487 INFO org.apache.hadoop.mapred.Task: Task 'attempt_local1711445346_0001_m_000000_0' done.
2016-04-09 21:14:34,487 INFO org.apache.hadoop.mapred.LocalJobRunner: Finishing task: attempt_local1711445346_0001_m_000000_0
2016-04-09 21:14:34,488 INFO org.apache.hadoop.mapred.LocalJobRunner: map task executor complete.
2016-04-09 21:14:34,491 INFO org.apache.hadoop.mapred.LocalJobRunner: Waiting for reduce tasks
2016-04-09 21:14:34,492 INFO org.apache.hadoop.mapred.LocalJobRunner: Starting task: attempt_local1711445346_0001_r_000000_0
2016-04-09 21:14:34,517 INFO org.apache.hadoop.mapred.Task:  Using ResourceCalculatorProcessTree : [ ]
2016-04-09 21:14:34,521 INFO org.apache.hadoop.mapred.ReduceTask: Using ShuffleConsumerPlugin: org.apache.hadoop.mapreduce.task.reduce.Shuffle@454b7177
2016-04-09 21:14:34,589 INFO org.apache.hadoop.mapreduce.task.reduce.MergeManagerImpl: MergerManager: memoryLimit=679778688, maxSingleShuffleLimit=169944672, mergeThreshold=448653952, ioSortFactor=10, memToMemMergeOutputsThreshold=10
2016-04-09 21:14:34,606 INFO org.apache.hadoop.mapreduce.task.reduce.EventFetcher: attempt_local1711445346_0001_r_000000_0 Thread started: EventFetcher for fetching Map Completion Events
2016-04-09 21:14:34,668 INFO org.apache.hadoop.mapreduce.Job: Job job_local1711445346_0001 running in uber mode : false
2016-04-09 21:14:34,670 INFO org.apache.hadoop.mapreduce.Job:  map 100% reduce 0%
2016-04-09 21:14:34,699 INFO org.apache.hadoop.mapreduce.task.reduce.LocalFetcher: localfetcher#1 about to shuffle output of map attempt_local1711445346_0001_m_000000_0 decomp: 86 len: 90 to MEMORY
2016-04-09 21:14:34,738 INFO org.apache.hadoop.mapreduce.task.reduce.InMemoryMapOutput: Read 86 bytes from map-output for attempt_local1711445346_0001_m_000000_0
2016-04-09 21:14:34,848 INFO org.apache.hadoop.mapreduce.task.reduce.MergeManagerImpl: closeInMemoryFile -> map-output of size: 86, inMemoryMapOutputs.size() -> 1, commitMemory -> 0, usedMemory ->86
2016-04-09 21:14:34,852 INFO org.apache.hadoop.mapreduce.task.reduce.EventFetcher: EventFetcher is interrupted.. Returning
2016-04-09 21:14:34,855 INFO org.apache.hadoop.mapred.LocalJobRunner: 1 / 1 copied.
2016-04-09 21:14:34,855 INFO org.apache.hadoop.mapreduce.task.reduce.MergeManagerImpl: finalMerge called with 1 in-memory map-outputs and 0 on-disk map-outputs
2016-04-09 21:14:34,872 INFO org.apache.hadoop.mapred.Merger: Merging 1 sorted segments
2016-04-09 21:14:34,873 INFO org.apache.hadoop.mapred.Merger: Down to the last merge-pass, with 1 segments left of total size: 78 bytes
2016-04-09 21:14:34,875 INFO org.apache.hadoop.mapreduce.task.reduce.MergeManagerImpl: Merged 1 segments, 86 bytes to disk to satisfy reduce memory limit
2016-04-09 21:14:34,875 INFO org.apache.hadoop.mapreduce.task.reduce.MergeManagerImpl: Merging 1 files, 90 bytes from disk
2016-04-09 21:14:34,878 INFO org.apache.hadoop.mapreduce.task.reduce.MergeManagerImpl: Merging 0 segments, 0 bytes from memory into reduce
2016-04-09 21:14:34,878 INFO org.apache.hadoop.mapred.Merger: Merging 1 sorted segments
2016-04-09 21:14:34,879 INFO org.apache.hadoop.mapred.Merger: Down to the last merge-pass, with 1 segments left of total size: 78 bytes
2016-04-09 21:14:34,882 INFO org.apache.hadoop.mapred.LocalJobRunner: 1 / 1 copied.
2016-04-09 21:14:34,909 INFO org.apache.hadoop.mapred.Task: Task:attempt_local1711445346_0001_r_000000_0 is done. And is in the process of committing
2016-04-09 21:14:34,915 INFO org.apache.hadoop.mapred.LocalJobRunner: 1 / 1 copied.
2016-04-09 21:14:34,916 INFO org.apache.hadoop.mapred.Task: Task attempt_local1711445346_0001_r_000000_0 is allowed to commit now
2016-04-09 21:14:34,918 INFO org.apache.hadoop.mapreduce.lib.output.FileOutputCommitter: Saved output of task 'attempt_local1711445346_0001_r_000000_0' to file:/home/cloudera/output/_temporary/0/task_local1711445346_0001_r_000000
2016-04-09 21:14:34,935 INFO org.apache.hadoop.mapred.LocalJobRunner: reduce > reduce
2016-04-09 21:14:34,936 INFO org.apache.hadoop.mapred.Task: Task 'attempt_local1711445346_0001_r_000000_0' done.
2016-04-09 21:14:34,936 INFO org.apache.hadoop.mapred.LocalJobRunner: Finishing task: attempt_local1711445346_0001_r_000000_0
2016-04-09 21:14:34,937 INFO org.apache.hadoop.mapred.LocalJobRunner: reduce task executor complete.
2016-04-09 21:14:35,672 INFO org.apache.hadoop.mapreduce.Job:  map 100% reduce 100%
2016-04-09 21:14:35,672 INFO org.apache.hadoop.mapreduce.Job: Job job_local1711445346_0001 completed successfully
2016-04-09 21:14:35,691 INFO org.apache.hadoop.mapreduce.Job: Counters: 33
	File System Counters
		FILE: Number of bytes read=642
		FILE: Number of bytes written=468702
		FILE: Number of read operations=0
		FILE: Number of large read operations=0
		FILE: Number of write operations=0
	Map-Reduce Framework
		Map input records=7
		Map output records=16
		Map output bytes=143
		Map output materialized bytes=90
		Input split bytes=82
		Combine input records=16
		Combine output records=8
		Reduce input groups=8
		Reduce shuffle bytes=90
		Reduce input records=8
		Reduce output records=8
		Spilled Records=16
		Shuffled Maps =1
		Failed Shuffles=0
		Merged Map outputs=1
		GC time elapsed (ms)=49
		CPU time spent (ms)=0
		Physical memory (bytes) snapshot=0
		Virtual memory (bytes) snapshot=0
		Total committed heap usage (bytes)=331227136
	Shuffle Errors
		BAD_ID=0
		CONNECTION=0
		IO_ERROR=0
		WRONG_LENGTH=0
		WRONG_MAP=0
		WRONG_REDUCE=0
	File Input Format Counters 
		Bytes Read=79
	File Output Format Counters 
		Bytes Written=64
